TN:
SF:src/cli/CliArgumentParser.ts
FN:7,(anonymous_0)
FN:10,(anonymous_1)
FN:37,(anonymous_2)
FN:57,(anonymous_3)
FNF:4
FNH:4
FNDA:8,(anonymous_0)
FNDA:8,(anonymous_1)
FNDA:21,(anonymous_2)
FNDA:1,(anonymous_3)
DA:7,2
DA:8,8
DA:11,8
DA:13,8
DA:14,1
DA:15,1
DA:18,7
DA:19,7
DA:20,7
DA:22,7
DA:23,1
DA:26,6
DA:27,1
DA:30,5
DA:38,21
DA:39,31
DA:40,31
DA:42,14
DA:43,14
DA:46,14
DA:47,0
DA:48,0
DA:51,14
DA:54,7
DA:58,1
LF:25
LH:23
BRDA:13,0,0,1
BRDA:13,1,0,8
BRDA:13,1,1,7
BRDA:20,2,0,7
BRDA:20,2,1,5
BRDA:22,3,0,1
BRDA:26,4,0,1
BRDA:40,5,0,14
BRDA:40,6,0,31
BRDA:40,6,1,14
BRDA:46,7,0,14
BRDA:46,7,1,7
BRF:12
BRH:12
end_of_record
TN:
SF:src/cli/cli.ts
FN:7,main
FNF:1
FNH:1
FNDA:3,main
DA:3,1
DA:4,1
DA:5,1
DA:8,3
DA:10,3
DA:11,3
DA:13,2
DA:14,2
DA:15,2
DA:16,2
DA:17,2
DA:18,2
DA:21,2
DA:22,2
DA:25,2
DA:26,2
DA:28,2
DA:33,1
DA:34,1
DA:35,1
DA:36,1
DA:38,1
DA:40,0
DA:41,0
DA:42,0
DA:44,0
DA:47,3
DA:48,3
DA:53,1
DA:54,0
DA:57,1
LF:31
LH:26
BRDA:33,0,0,1
BRDA:33,0,1,0
BRDA:35,1,0,1
BRDA:41,2,0,0
BRDA:53,3,0,0
BRF:5
BRH:2
end_of_record
TN:
SF:src/events/ImageGenerationRequestedEvent.ts
FN:18,(anonymous_0)
FN:33,(anonymous_1)
FNF:2
FNH:2
FNDA:14,(anonymous_0)
FNDA:13,(anonymous_1)
DA:1,3
DA:11,3
DA:13,14
DA:19,14
DA:20,1
DA:23,13
DA:24,1
DA:27,12
DA:28,12
DA:29,12
DA:30,12
DA:34,13
LF:12
LH:12
BRDA:19,0,0,1
BRDA:19,1,0,14
BRDA:19,1,1,13
BRDA:23,2,0,1
BRDA:23,3,0,13
BRDA:23,3,1,12
BRF:6
BRH:6
end_of_record
TN:
SF:src/http/EventHttpClient.ts
FN:19,(anonymous_1)
FN:24,(anonymous_2)
FN:28,(anonymous_3)
FN:69,(anonymous_4)
FN:85,(anonymous_5)
FN:86,(anonymous_6)
FNF:6
FNH:6
FNDA:11,(anonymous_1)
FNDA:2,(anonymous_2)
FNDA:8,(anonymous_3)
FNDA:7,(anonymous_4)
FNDA:3,(anonymous_5)
FNDA:3,(anonymous_6)
DA:1,2
DA:16,2
DA:21,11
DA:25,2
DA:32,8
DA:33,8
DA:35,8
DA:36,11
DA:37,11
DA:48,4
DA:50,7
DA:53,7
DA:54,4
DA:55,1
DA:57,3
DA:61,3
DA:66,0
DA:70,7
DA:71,1
DA:74,6
DA:75,1
DA:78,5
DA:79,5
DA:82,0
DA:86,3
LF:25
LH:23
BRDA:21,0,0,1
BRDA:21,0,1,10
BRDA:30,1,0,6
BRDA:32,2,0,6
BRDA:32,3,0,8
BRDA:53,4,0,4
BRDA:54,5,0,1
BRDA:66,6,0,0
BRDA:66,6,1,0
BRDA:70,7,0,1
BRDA:74,8,0,1
BRDA:78,9,0,5
BRF:12
BRH:10
end_of_record
